<?xml version="1.0" encoding="UTF-8"?>
<!-- Generated by org.testng.reporters.JUnitReportReporter -->
<testsuite hostname="AssignCorp" failures="0" tests="1" name="com.gcr.scripts.TC4" time="7.362" errors="0" timestamp="2022-12-09T09:25:02 PST" skipped="0">
  <testcase classname="com.gcr.scripts.TC4" name="LoginLogout_WebShop" time="7.362"/>
  <system-out/>
</testsuite> <!-- com.gcr.scripts.TC4 -->
