<?xml version="1.0" encoding="UTF-8"?>
<!-- Generated by org.testng.reporters.JUnitReportReporter -->
<testsuite hostname="AssignCorp" failures="0" tests="1" name="com.gcr.scripts.TC5" time="6.825" errors="0" timestamp="2022-12-12T07:32:03 PST" skipped="0">
  <testcase classname="com.gcr.scripts.TC5" name="LoginLogout_WebShop" time="6.825"/>
  <system-out/>
</testsuite> <!-- com.gcr.scripts.TC5 -->
