<?xml version="1.0" encoding="UTF-8"?>
<!-- Generated by org.testng.reporters.JUnitReportReporter -->
<testsuite hostname="AssignCorp" failures="0" tests="1" name="com.gcr.scripts.TC2" time="1.359" errors="0" timestamp="2022-12-05T07:01:29 PST" skipped="0">
  <testcase classname="com.gcr.scripts.TC2" name="Login_LogoutTestCaseExcel" time="1.359"/>
  <system-out/>
</testsuite> <!-- com.gcr.scripts.TC2 -->
